ylis/build/outputs/logs/manifest-merger-debug-report.txt
-- Merging decision tree log ---
manifest
ADDED from MyDemo\ylis\AndroidManifest.xml:2:1-201:12
	package
		ADDED from MyDemo\ylis\AndroidManifest.xml:3:5-36
	android:versionName
		ADDED from MyDemo\ylis\AndroidManifest.xml:5:5-30
		INJECTED from MyDemo\ylis\AndroidManifest.xml
		INJECTED from MyDemo\ylis\AndroidManifest.xml
	android:versionCode
		ADDED from MyDemo\ylis\AndroidManifest.xml:4:5-28
		INJECTED from MyDemo\ylis\AndroidManifest.xml
		INJECTED from MyDemo\ylis\AndroidManifest.xml
	xmlns:android
		ADDED from MyDemo\ylis\AndroidManifest.xml:2:11-69
uses-sdk
ADDED from MyDemo\ylis\AndroidManifest.xml:7:5-9:41
	android:targetSdkVersion
		ADDED from MyDemo\ylis\AndroidManifest.xml:9:9-38
	android:minSdkVersion
		ADDED from MyDemo\ylis\AndroidManifest.xml:8:9-35
uses-permission#android.permission.INTERNET
ADDED from MyDemo\ylis\AndroidManifest.xml:11:5-67
	android:name
		ADDED from MyDemo\ylis\AndroidManifest.xml:11:22-64
uses-permission#android.permission.ACCESS_NETWORK_STATE
ADDED from MyDemo\ylis\AndroidManifest.xml:13:5-79
	android:name
		ADDED from MyDemo\ylis\AndroidManifest.xml:13:22-76
uses-permission#android.permission.ACCESS_WIFI_STATE
ADDED from MyDemo\ylis\AndroidManifest.xml:14:5-76
	android:name
		ADDED from MyDemo\ylis\AndroidManifest.xml:14:22-73
uses-permission#android.permission.READ_PHONE_STATE
ADDED from MyDemo\ylis\AndroidManifest.xml:16:5-75
	android:name
		ADDED from MyDemo\ylis\AndroidManifest.xml:16:22-72
uses-permission#android.permission.GET_TASKS
ADDED from MyDemo\ylis\AndroidManifest.xml:18:5-68
	android:name
		ADDED from MyDemo\ylis\AndroidManifest.xml:18:22-65
uses-permission#android.permission.WAKE_LOCK
ADDED from MyDemo\ylis\AndroidManifest.xml:20:5-68
	android:name
		ADDED from MyDemo\ylis\AndroidManifest.xml:20:22-65
uses-permission#android.permission.DISABLE_KEYGUARD
ADDED from MyDemo\ylis\AndroidManifest.xml:22:5-75
	android:name
		ADDED from MyDemo\ylis\AndroidManifest.xml:22:22-72
uses-permission#android.permission.WRITE_EXTERNAL_STORAGE
ADDED from MyDemo\ylis\AndroidManifest.xml:24:5-81
	android:name
		ADDED from MyDemo\ylis\AndroidManifest.xml:24:22-78
uses-permission#android.permission.RECORD_AUDIO
ADDED from MyDemo\ylis\AndroidManifest.xml:26:5-71
	android:name
		ADDED from MyDemo\ylis\AndroidManifest.xml:26:22-68
uses-permission#android.permission.MOUNT_UNMOUNT_FILESYSTEMS
ADDED from MyDemo\ylis\AndroidManifest.xml:28:5-84
	android:name
		ADDED from MyDemo\ylis\AndroidManifest.xml:28:22-81
uses-permission#android.permission.VIBRATE
ADDED from MyDemo\ylis\AndroidManifest.xml:30:5-66
	android:name
		ADDED from MyDemo\ylis\AndroidManifest.xml:30:22-63
uses-permission#android.permission.CAMERA
ADDED from MyDemo\ylis\AndroidManifest.xml:32:5-65
	android:name
		ADDED from MyDemo\ylis\AndroidManifest.xml:32:22-62
uses-permission#android.permission.READ_EXTERNAL_STORAGE
ADDED from MyDemo\ylis\AndroidManifest.xml:34:5-80
	android:name
		ADDED from MyDemo\ylis\AndroidManifest.xml:34:22-77
uses-permission#android.permission.BLUETOOTH_ADMIN
ADDED from MyDemo\ylis\AndroidManifest.xml:35:6-75
	android:name
		ADDED from MyDemo\ylis\AndroidManifest.xml:35:23-72
uses-permission#android.permission.BLUETOOTH
ADDED from MyDemo\ylis\AndroidManifest.xml:36:5-68
	android:name
		ADDED from MyDemo\ylis\AndroidManifest.xml:36:22-65
application
ADDED from MyDemo\ylis\AndroidManifest.xml:38:5-199:19
	android:label
		ADDED from MyDemo\ylis\AndroidManifest.xml:42:9-41
	android:allowBackup
		ADDED from MyDemo\ylis\AndroidManifest.xml:40:9-35
	android:icon
		ADDED from MyDemo\ylis\AndroidManifest.xml:41:9-45
	android:theme
		ADDED from MyDemo\ylis\AndroidManifest.xml:43:9-40
	android:name
		ADDED from MyDemo\ylis\AndroidManifest.xml:39:9-52
activity#com.healthmanage.ylis.activity.LoginActivity
ADDED from MyDemo\ylis\AndroidManifest.xml:44:9-52:20
	android:label
		ADDED from MyDemo\ylis\AndroidManifest.xml:46:13-45
	android:name
		ADDED from MyDemo\ylis\AndroidManifest.xml:45:13-51
intent-filter#android.intent.action.MAIN+android.intent.category.LAUNCHER
ADDED from MyDemo\ylis\AndroidManifest.xml:47:13-51:29
action#android.intent.action.MAIN
ADDED from MyDemo\ylis\AndroidManifest.xml:48:17-69
	android:name
		ADDED from MyDemo\ylis\AndroidManifest.xml:48:25-66
category#android.intent.category.LAUNCHER
ADDED from MyDemo\ylis\AndroidManifest.xml:50:17-77
	android:name
		ADDED from MyDemo\ylis\AndroidManifest.xml:50:27-74
activity#com.healthmanage.ylis.activity.MainActivity
ADDED from MyDemo\ylis\AndroidManifest.xml:53:9-55:52
	android:screenOrientation
		ADDED from MyDemo\ylis\AndroidManifest.xml:55:13-49
	android:name
		ADDED from MyDemo\ylis\AndroidManifest.xml:54:13-50
activity#com.healthmanage.ylis.activity.TastConnectFirstActivity
ADDED from MyDemo\ylis\AndroidManifest.xml:56:9-58:52
	android:screenOrientation
		ADDED from MyDemo\ylis\AndroidManifest.xml:58:13-49
	android:name
		ADDED from MyDemo\ylis\AndroidManifest.xml:57:13-62
activity#com.healthmanage.ylis.activity.TastConnectSecondActivity
ADDED from MyDemo\ylis\AndroidManifest.xml:59:9-61:52
	android:screenOrientation
		ADDED from MyDemo\ylis\AndroidManifest.xml:61:13-49
	android:name
		ADDED from MyDemo\ylis\AndroidManifest.xml:60:13-63
activity#com.healthmanage.ylis.activity.ReportActivity
ADDED from MyDemo\ylis\AndroidManifest.xml:62:9-64:52
	android:screenOrientation
		ADDED from MyDemo\ylis\AndroidManifest.xml:64:13-49
	android:name
		ADDED from MyDemo\ylis\AndroidManifest.xml:63:13-52
activity#com.healthmanage.ylis.activity.EditTaskConnectActivity
ADDED from MyDemo\ylis\AndroidManifest.xml:65:9-67:52
	android:screenOrientation
		ADDED from MyDemo\ylis\AndroidManifest.xml:67:13-49
	android:name
		ADDED from MyDemo\ylis\AndroidManifest.xml:66:13-61
activity#com.healthmanage.ylis.activity.TaskDetailActivity
ADDED from MyDemo\ylis\AndroidManifest.xml:68:9-70:52
	android:screenOrientation
		ADDED from MyDemo\ylis\AndroidManifest.xml:70:13-49
	android:name
		ADDED from MyDemo\ylis\AndroidManifest.xml:69:13-56
activity#com.healthmanage.ylis.activity.SettingInfoActivity
ADDED from MyDemo\ylis\AndroidManifest.xml:71:9-73:52
	android:screenOrientation
		ADDED from MyDemo\ylis\AndroidManifest.xml:73:13-49
	android:name
		ADDED from MyDemo\ylis\AndroidManifest.xml:72:13-57
activity#com.healthmanage.ylis.activity.HoursRecordActivity
ADDED from MyDemo\ylis\AndroidManifest.xml:74:9-76:52
	android:screenOrientation
		ADDED from MyDemo\ylis\AndroidManifest.xml:76:13-49
	android:name
		ADDED from MyDemo\ylis\AndroidManifest.xml:75:13-57
activity#com.healthmanage.ylis.activity.ExpandDoseActivity
ADDED from MyDemo\ylis\AndroidManifest.xml:77:9-79:52
	android:screenOrientation
		ADDED from MyDemo\ylis\AndroidManifest.xml:79:13-49
	android:name
		ADDED from MyDemo\ylis\AndroidManifest.xml:78:13-56
activity#com.healthmanage.ylis.activity.ExpandTurnBodyActivity
ADDED from MyDemo\ylis\AndroidManifest.xml:80:9-82:52
	android:screenOrientation
		ADDED from MyDemo\ylis\AndroidManifest.xml:82:13-49
	android:name
		ADDED from MyDemo\ylis\AndroidManifest.xml:81:13-60
activity#com.healthmanage.ylis.activity.LeaveActivity
ADDED from MyDemo\ylis\AndroidManifest.xml:83:9-85:52
	android:screenOrientation
		ADDED from MyDemo\ylis\AndroidManifest.xml:85:13-49
	android:name
		ADDED from MyDemo\ylis\AndroidManifest.xml:84:13-51
activity#com.healthmanage.ylis.activity.TaskDetailModelTwoActivity
ADDED from MyDemo\ylis\AndroidManifest.xml:86:9-88:52
	android:screenOrientation
		ADDED from MyDemo\ylis\AndroidManifest.xml:88:13-49
	android:name
		ADDED from MyDemo\ylis\AndroidManifest.xml:87:13-64
activity#com.healthmanage.ylis.activity.HistroyElderlyListActivity
ADDED from MyDemo\ylis\AndroidManifest.xml:89:9-91:52
	android:screenOrientation
		ADDED from MyDemo\ylis\AndroidManifest.xml:91:13-49
	android:name
		ADDED from MyDemo\ylis\AndroidManifest.xml:90:13-64
activity#com.healthmanage.ylis.activity.LeaveSearchElderLyActivity
ADDED from MyDemo\ylis\AndroidManifest.xml:92:9-94:52
	android:screenOrientation
		ADDED from MyDemo\ylis\AndroidManifest.xml:94:13-49
	android:name
		ADDED from MyDemo\ylis\AndroidManifest.xml:93:13-64
activity#com.healthmanage.ylis.activity.ChangePasswordActivity
ADDED from MyDemo\ylis\AndroidManifest.xml:95:9-98:70
	android:screenOrientation
		ADDED from MyDemo\ylis\AndroidManifest.xml:97:13-49
	android:label
		ADDED from MyDemo\ylis\AndroidManifest.xml:98:13-67
	android:name
		ADDED from MyDemo\ylis\AndroidManifest.xml:96:13-60
activity#com.healthmanage.ylis.activity.HistroyElderlyTaskActivity
ADDED from MyDemo\ylis\AndroidManifest.xml:99:9-102:75
	android:screenOrientation
		ADDED from MyDemo\ylis\AndroidManifest.xml:101:13-49
	android:label
		ADDED from MyDemo\ylis\AndroidManifest.xml:102:13-72
	android:name
		ADDED from MyDemo\ylis\AndroidManifest.xml:100:13-64
activity#com.healthmanage.ylis.activity.AboutUsActivity
ADDED from MyDemo\ylis\AndroidManifest.xml:103:9-106:63
	android:screenOrientation
		ADDED from MyDemo\ylis\AndroidManifest.xml:105:13-49
	android:label
		ADDED from MyDemo\ylis\AndroidManifest.xml:106:13-60
	android:name
		ADDED from MyDemo\ylis\AndroidManifest.xml:104:13-53
activity#com.healthmanage.ylis.activity.SannitationActivity
ADDED from MyDemo\ylis\AndroidManifest.xml:107:9-110:66
	android:screenOrientation
		ADDED from MyDemo\ylis\AndroidManifest.xml:109:13-49
	android:label
		ADDED from MyDemo\ylis\AndroidManifest.xml:110:13-63
	android:name
		ADDED from MyDemo\ylis\AndroidManifest.xml:108:13-57
activity#com.healthmanage.ylis.activity.PatroalActivity
ADDED from MyDemo\ylis\AndroidManifest.xml:111:9-114:67
	android:screenOrientation
		ADDED from MyDemo\ylis\AndroidManifest.xml:113:13-49
	android:windowSoftInputMode
		ADDED from MyDemo\ylis\AndroidManifest.xml:114:13-64
	android:name
		ADDED from MyDemo\ylis\AndroidManifest.xml:112:13-53
activity#com.healthmanage.ylis.activity.PatroalAddExceptionActivity
ADDED from MyDemo\ylis\AndroidManifest.xml:115:9-118:67
	android:screenOrientation
		ADDED from MyDemo\ylis\AndroidManifest.xml:117:13-49
	android:windowSoftInputMode
		ADDED from MyDemo\ylis\AndroidManifest.xml:118:13-64
	android:name
		ADDED from MyDemo\ylis\AndroidManifest.xml:116:13-65
activity#com.healthmanage.ylis.activity.InputInfoActivity
ADDED from MyDemo\ylis\AndroidManifest.xml:119:9-120:52
	android:screenOrientation
		ADDED from MyDemo\ylis\AndroidManifest.xml:120:13-49
	android:name
		ADDED from MyDemo\ylis\AndroidManifest.xml:119:19-61
activity#com.healthmanage.ylis.activity.LaundryActivity
ADDED from MyDemo\ylis\AndroidManifest.xml:121:9-122:52
	android:screenOrientation
		ADDED from MyDemo\ylis\AndroidManifest.xml:122:13-49
	android:name
		ADDED from MyDemo\ylis\AndroidManifest.xml:121:19-59
activity#com.healthmanage.ylis.activity.TurnBodyInfoActivity
ADDED from MyDemo\ylis\AndroidManifest.xml:123:9-124:52
	android:screenOrientation
		ADDED from MyDemo\ylis\AndroidManifest.xml:124:13-49
	android:name
		ADDED from MyDemo\ylis\AndroidManifest.xml:123:19-64
activity#com.healthmanage.ylis.activity.ChooseElderlyActivity
ADDED from MyDemo\ylis\AndroidManifest.xml:125:9-126:52
	android:screenOrientation
		ADDED from MyDemo\ylis\AndroidManifest.xml:126:13-49
	android:name
		ADDED from MyDemo\ylis\AndroidManifest.xml:125:19-65
activity#com.healthmanage.ylis.activity.PatroalHistroyActivity
ADDED from MyDemo\ylis\AndroidManifest.xml:127:9-130:70
	android:screenOrientation
		ADDED from MyDemo\ylis\AndroidManifest.xml:129:13-49
	android:label
		ADDED from MyDemo\ylis\AndroidManifest.xml:130:13-67
	android:name
		ADDED from MyDemo\ylis\AndroidManifest.xml:128:13-60
activity#com.healthmanage.ylis.activity.PatroalExceptionListActivity
ADDED from MyDemo\ylis\AndroidManifest.xml:131:9-134:77
	android:screenOrientation
		ADDED from MyDemo\ylis\AndroidManifest.xml:133:13-49
	android:label
		ADDED from MyDemo\ylis\AndroidManifest.xml:134:13-74
	android:name
		ADDED from MyDemo\ylis\AndroidManifest.xml:132:13-66
activity#com.healthmanage.ylis.activity.TurnBodyHistroyActivity
ADDED from MyDemo\ylis\AndroidManifest.xml:135:9-138:72
	android:screenOrientation
		ADDED from MyDemo\ylis\AndroidManifest.xml:137:13-49
	android:label
		ADDED from MyDemo\ylis\AndroidManifest.xml:138:13-69
	android:name
		ADDED from MyDemo\ylis\AndroidManifest.xml:136:13-61
activity#com.healthmanage.ylis.activity.LaundryHistroyActivity
ADDED from MyDemo\ylis\AndroidManifest.xml:139:9-142:70
	android:screenOrientation
		ADDED from MyDemo\ylis\AndroidManifest.xml:141:13-49
	android:label
		ADDED from MyDemo\ylis\AndroidManifest.xml:142:13-67
	android:name
		ADDED from MyDemo\ylis\AndroidManifest.xml:140:13-60
activity#com.healthmanage.ylis.activity.ConnextTaskExceptionActivity
ADDED from MyDemo\ylis\AndroidManifest.xml:143:9-146:77
	android:screenOrientation
		ADDED from MyDemo\ylis\AndroidManifest.xml:145:13-49
	android:label
		ADDED from MyDemo\ylis\AndroidManifest.xml:146:13-74
	android:name
		ADDED from MyDemo\ylis\AndroidManifest.xml:144:13-66
activity#com.healthmanage.ylis.activity.FcilitiesExceptionActivity
ADDED from MyDemo\ylis\AndroidManifest.xml:147:9-148:52
	android:screenOrientation
		ADDED from MyDemo\ylis\AndroidManifest.xml:148:13-49
	android:name
		ADDED from MyDemo\ylis\AndroidManifest.xml:147:19-70
activity#com.healthmanage.ylis.activity.DoseManagerActivity
ADDED from MyDemo\ylis\AndroidManifest.xml:149:9-152:20
	android:screenOrientation
		ADDED from MyDemo\ylis\AndroidManifest.xml:150:13-49
	android:name
		ADDED from MyDemo\ylis\AndroidManifest.xml:149:19-63
activity#com.healthmanage.ylis.activity.BaseFragmentActivity
ADDED from MyDemo\ylis\AndroidManifest.xml:153:9-154:52
	android:screenOrientation
		ADDED from MyDemo\ylis\AndroidManifest.xml:154:13-49
	android:name
		ADDED from MyDemo\ylis\AndroidManifest.xml:153:19-64
activity#com.healthmanage.ylis.activity.SendDrugActivity
ADDED from MyDemo\ylis\AndroidManifest.xml:155:9-156:52
	android:screenOrientation
		ADDED from MyDemo\ylis\AndroidManifest.xml:156:13-49
	android:name
		ADDED from MyDemo\ylis\AndroidManifest.xml:155:19-60
activity#com.healthmanage.ylis.activity.SendDrugAddDrugActivity
ADDED from MyDemo\ylis\AndroidManifest.xml:157:9-158:52
	android:screenOrientation
		ADDED from MyDemo\ylis\AndroidManifest.xml:158:13-49
	android:name
		ADDED from MyDemo\ylis\AndroidManifest.xml:157:19-67
activity#com.healthmanage.ylis.activity.AddDrugActivity
ADDED from MyDemo\ylis\AndroidManifest.xml:159:9-162:20
	android:screenOrientation
		ADDED from MyDemo\ylis\AndroidManifest.xml:160:13-49
	android:name
		ADDED from MyDemo\ylis\AndroidManifest.xml:159:19-59
activity#com.healthmanage.ylis.activity.AddDrugInfoActivity
ADDED from MyDemo\ylis\AndroidManifest.xml:163:9-166:20
	android:screenOrientation
		ADDED from MyDemo\ylis\AndroidManifest.xml:164:13-49
	android:name
		ADDED from MyDemo\ylis\AndroidManifest.xml:163:19-63
activity#com.healthmanage.ylis.activity.ElderlyDoseDetailActivity
ADDED from MyDemo\ylis\AndroidManifest.xml:167:9-168:52
	android:screenOrientation
		ADDED from MyDemo\ylis\AndroidManifest.xml:168:13-49
	android:name
		ADDED from MyDemo\ylis\AndroidManifest.xml:167:19-69
activity#com.healthmanage.ylis.activity.ChooseItemActivity
ADDED from MyDemo\ylis\AndroidManifest.xml:169:9-171:20
	android:screenOrientation
		ADDED from MyDemo\ylis\AndroidManifest.xml:170:13-49
	android:name
		ADDED from MyDemo\ylis\AndroidManifest.xml:169:19-62
activity#com.healthmanage.ylis.activity.UserMonitorActivity
ADDED from MyDemo\ylis\AndroidManifest.xml:173:9-175:20
	android:screenOrientation
		ADDED from MyDemo\ylis\AndroidManifest.xml:174:13-49
	android:name
		ADDED from MyDemo\ylis\AndroidManifest.xml:173:19-63
activity#com.healthmanage.ylis.activity.NibpInfoActivity
ADDED from MyDemo\ylis\AndroidManifest.xml:177:9-179:20
	android:screenOrientation
		ADDED from MyDemo\ylis\AndroidManifest.xml:178:13-49
	android:name
		ADDED from MyDemo\ylis\AndroidManifest.xml:177:19-60
activity#com.healthmanage.ylis.activity.DeviceManagerActivity
ADDED from MyDemo\ylis\AndroidManifest.xml:181:9-183:20
	android:screenOrientation
		ADDED from MyDemo\ylis\AndroidManifest.xml:182:13-49
	android:name
		ADDED from MyDemo\ylis\AndroidManifest.xml:181:19-65
activity#com.healthmanage.ylis.activity.DoseElderlyListActivity
ADDED from MyDemo\ylis\AndroidManifest.xml:185:9-187:20
	android:screenOrientation
		ADDED from MyDemo\ylis\AndroidManifest.xml:186:13-49
	android:name
		ADDED from MyDemo\ylis\AndroidManifest.xml:185:19-67
activity#com.healthmanage.ylis.activity.DoseDetailActivity
ADDED from MyDemo\ylis\AndroidManifest.xml:189:9-191:20
	android:screenOrientation
		ADDED from MyDemo\ylis\AndroidManifest.xml:190:13-49
	android:name
		ADDED from MyDemo\ylis\AndroidManifest.xml:189:19-62
service#com.healthmanage.ylis.service.FindDoseService
ADDED from MyDemo\ylis\AndroidManifest.xml:193:9-197:19
	android:enabled
		ADDED from MyDemo\ylis\AndroidManifest.xml:195:13-35
	android:exported
		ADDED from MyDemo\ylis\AndroidManifest.xml:196:13-37
	android:name
		ADDED from MyDemo\ylis\AndroidManifest.xml:194:13-52